<?xml version="1.0" encoding="UTF-8"?>
<!-- Generated by org.testng.reporters.JUnitReportReporter -->
<testsuite hostname="DESKTOP-9MH46U9" failures="0" tests="1" name="testcase.POS_TestCases" time="3.317" errors="0" timestamp="2025-01-28T00:21:37 IST" skipped="0">
  <testcase classname="testcase.POS_TestCases" name="POS" time="3.317"/>
  <system-out/>
</testsuite> <!-- testcase.POS_TestCases -->
