<?xml version="1.0" encoding="UTF-8"?>
<!-- Generated by org.testng.reporters.JUnitReportReporter -->
<testsuite hostname="DESKTOP-9MH46U9" failures="0" tests="1" name="testcase.TestClass" time="3.185" errors="0" timestamp="2025-01-27T23:12:07 IST" skipped="0">
  <testcase classname="testcase.TestClass" name="POS" time="3.185"/>
  <system-out/>
</testsuite> <!-- testcase.TestClass -->
