<?xml version="1.0" encoding="UTF-8"?>
<!-- Generated by org.testng.reporters.JUnitReportReporter -->
<testsuite hostname="DESKTOP-9MH46U9" failures="0" tests="1" name="testcase.testclass1" time="5.091" errors="0" timestamp="2025-01-27T23:10:41 IST" skipped="0">
  <testcase classname="testcase.testclass1" name="POS" time="5.091"/>
  <system-out/>
</testsuite> <!-- testcase.testclass1 -->
